<?xml version="1.0" encoding="UTF-8"?>
<!-- Generated by org.testng.reporters.JUnitReportReporter -->
<testsuite hostname="SWLAP188" failures="0" tests="1" name="vidhyaPrakashAutomation.SwordSynergy.SynergyEntry" time="3.945" errors="0" timestamp="2024-08-01T00:51:33 IST" skipped="0">
  <testcase classname="vidhyaPrakashAutomation.SwordSynergy.SynergyEntry" name="synergyEntry" time="3.945"/>
</testsuite> <!-- vidhyaPrakashAutomation.SwordSynergy.SynergyEntry -->
