<?xml version="1.0" encoding="UTF-8"?>
<!-- Generated by org.testng.reporters.JUnitReportReporter -->
<testsuite hostname="DESKTOP-R0DDCFO" failures="0" tests="1" name="vidhyaPrakashAutomation.SwordSynergy.SynergyEntry" time="3.238" errors="0" timestamp="2024-08-02T13:35:17 IST" skipped="0">
  <testcase classname="vidhyaPrakashAutomation.SwordSynergy.SynergyEntry" name="synergyEntry" time="3.238"/>
</testsuite> <!-- vidhyaPrakashAutomation.SwordSynergy.SynergyEntry -->
